<?xml version="1.0" encoding="UTF-8"?>
<!-- Generated by org.testng.reporters.JUnitReportReporter -->
<testsuite hostname="DESKTOP-GO5O7SS" failures="0" tests="2" name="org.example.GoogleTest" time="21.481" errors="0" timestamp="2023-05-09T21:59:00 IST" skipped="0">
  <testcase classname="org.example.GoogleTest" name="check_Data_is_correct" time="0.003"/>
  <system-out/>
  <testcase classname="org.example.GoogleTest" name="checkInformationInVmClassString" time="21.478"/>
  <system-out/>
</testsuite> <!-- org.example.GoogleTest -->
