<?xml version="1.0" encoding="UTF-8"?>
<!-- Generated by org.testng.reporters.JUnitReportReporter -->
<testsuite hostname="DESKTOP-GO5O7SS" failures="0" tests="1" name="org.example.PastebinTest" time="19.318" errors="0" timestamp="2023-05-09T21:59:00 IST" skipped="0">
  <testcase classname="org.example.PastebinTest" name="loginverification" time="19.318"/>
  <system-out/>
</testsuite> <!-- org.example.PastebinTest -->
